<?xml version="1.0" encoding="UTF-8"?>
<testsuite name="kr.ac.jejunu.UserDaoTests" tests="4" skipped="0" failures="0" errors="0" timestamp="2021-04-02T09:48:03" hostname="DESKTOP-UGF9O8T" time="1.193">
  <properties/>
  <testcase name="delete()" classname="kr.ac.jejunu.UserDaoTests" time="1.11"/>
  <testcase name="insert()" classname="kr.ac.jejunu.UserDaoTests" time="0.029"/>
  <testcase name="update()" classname="kr.ac.jejunu.UserDaoTests" time="0.041"/>
  <testcase name="get()" classname="kr.ac.jejunu.UserDaoTests" time="0.011"/>
  <system-out><![CDATA[]]></system-out>
  <system-err><![CDATA[]]></system-err>
</testsuite>
